[2024-09-10T19:29:53.960+0000] {processor.py:186} INFO - Started process (PID=37) to work on /opt/airflow/dags/welcome_dag.py
[2024-09-10T19:29:53.961+0000] {processor.py:914} INFO - Processing file /opt/airflow/dags/welcome_dag.py for tasks to queue
[2024-09-10T19:29:53.965+0000] {logging_mixin.py:190} INFO - [2024-09-10T19:29:53.964+0000] {dagbag.py:587} INFO - Filling up the DagBag from /opt/airflow/dags/welcome_dag.py
[2024-09-10T19:29:54.043+0000] {processor.py:925} INFO - DAG(s) 'welcome_dag' retrieved from /opt/airflow/dags/welcome_dag.py
[2024-09-10T19:29:54.380+0000] {logging_mixin.py:190} INFO - [2024-09-10T19:29:54.379+0000] {override.py:1900} INFO - Created Permission View: can edit on DAG:welcome_dag
[2024-09-10T19:29:54.444+0000] {logging_mixin.py:190} INFO - [2024-09-10T19:29:54.443+0000] {override.py:1900} INFO - Created Permission View: can delete on DAG:welcome_dag
[2024-09-10T19:29:54.498+0000] {logging_mixin.py:190} INFO - [2024-09-10T19:29:54.498+0000] {override.py:1900} INFO - Created Permission View: can read on DAG:welcome_dag
[2024-09-10T19:29:54.605+0000] {logging_mixin.py:190} INFO - [2024-09-10T19:29:54.604+0000] {override.py:1900} INFO - Created Permission View: can delete on DAG Run:welcome_dag
[2024-09-10T19:29:54.679+0000] {logging_mixin.py:190} INFO - [2024-09-10T19:29:54.678+0000] {override.py:1900} INFO - Created Permission View: can create on DAG Run:welcome_dag
[2024-09-10T19:29:54.735+0000] {logging_mixin.py:190} INFO - [2024-09-10T19:29:54.734+0000] {override.py:1900} INFO - Created Permission View: menu access on DAG Run:welcome_dag
[2024-09-10T19:29:54.791+0000] {logging_mixin.py:190} INFO - [2024-09-10T19:29:54.790+0000] {override.py:1900} INFO - Created Permission View: can read on DAG Run:welcome_dag
[2024-09-10T19:29:54.793+0000] {logging_mixin.py:190} INFO - [2024-09-10T19:29:54.792+0000] {dag.py:3229} INFO - Sync 1 DAGs
[2024-09-10T19:29:54.826+0000] {logging_mixin.py:190} INFO - [2024-09-10T19:29:54.825+0000] {dag.py:3252} INFO - Creating ORM DAG for welcome_dag
[2024-09-10T19:29:54.844+0000] {logging_mixin.py:190} INFO - [2024-09-10T19:29:54.844+0000] {dag.py:4156} INFO - Setting next_dagrun for welcome_dag to 2024-09-09 23:00:00+00:00, run_after=2024-09-10 23:00:00+00:00
[2024-09-10T19:29:54.949+0000] {processor.py:208} INFO - Processing /opt/airflow/dags/welcome_dag.py took 0.999 seconds
[2024-09-10T19:30:25.854+0000] {processor.py:186} INFO - Started process (PID=38) to work on /opt/airflow/dags/welcome_dag.py
[2024-09-10T19:30:25.856+0000] {processor.py:914} INFO - Processing file /opt/airflow/dags/welcome_dag.py for tasks to queue
[2024-09-10T19:30:25.864+0000] {logging_mixin.py:190} INFO - [2024-09-10T19:30:25.863+0000] {dagbag.py:587} INFO - Filling up the DagBag from /opt/airflow/dags/welcome_dag.py
[2024-09-10T19:30:25.905+0000] {processor.py:925} INFO - DAG(s) 'welcome_dag' retrieved from /opt/airflow/dags/welcome_dag.py
[2024-09-10T19:30:25.947+0000] {logging_mixin.py:190} INFO - [2024-09-10T19:30:25.947+0000] {dag.py:3229} INFO - Sync 1 DAGs
[2024-09-10T19:30:25.996+0000] {logging_mixin.py:190} INFO - [2024-09-10T19:30:25.996+0000] {dag.py:4156} INFO - Setting next_dagrun for welcome_dag to 2024-09-09 23:00:00+00:00, run_after=2024-09-10 23:00:00+00:00
[2024-09-10T19:30:26.105+0000] {processor.py:208} INFO - Processing /opt/airflow/dags/welcome_dag.py took 0.263 seconds
[2024-09-10T19:30:57.154+0000] {processor.py:186} INFO - Started process (PID=39) to work on /opt/airflow/dags/welcome_dag.py
[2024-09-10T19:30:57.158+0000] {processor.py:914} INFO - Processing file /opt/airflow/dags/welcome_dag.py for tasks to queue
[2024-09-10T19:30:57.165+0000] {logging_mixin.py:190} INFO - [2024-09-10T19:30:57.164+0000] {dagbag.py:587} INFO - Filling up the DagBag from /opt/airflow/dags/welcome_dag.py
[2024-09-10T19:30:57.217+0000] {processor.py:925} INFO - DAG(s) 'welcome_dag' retrieved from /opt/airflow/dags/welcome_dag.py
[2024-09-10T19:30:57.263+0000] {logging_mixin.py:190} INFO - [2024-09-10T19:30:57.263+0000] {dag.py:3229} INFO - Sync 1 DAGs
[2024-09-10T19:30:57.302+0000] {logging_mixin.py:190} INFO - [2024-09-10T19:30:57.302+0000] {dag.py:4156} INFO - Setting next_dagrun for welcome_dag to 2024-09-09 23:00:00+00:00, run_after=2024-09-10 23:00:00+00:00
[2024-09-10T19:30:57.398+0000] {processor.py:208} INFO - Processing /opt/airflow/dags/welcome_dag.py took 0.253 seconds
[2024-09-10T19:31:28.575+0000] {processor.py:186} INFO - Started process (PID=40) to work on /opt/airflow/dags/welcome_dag.py
[2024-09-10T19:31:28.577+0000] {processor.py:914} INFO - Processing file /opt/airflow/dags/welcome_dag.py for tasks to queue
[2024-09-10T19:31:28.581+0000] {logging_mixin.py:190} INFO - [2024-09-10T19:31:28.580+0000] {dagbag.py:587} INFO - Filling up the DagBag from /opt/airflow/dags/welcome_dag.py
[2024-09-10T19:31:28.615+0000] {processor.py:925} INFO - DAG(s) 'welcome_dag' retrieved from /opt/airflow/dags/welcome_dag.py
[2024-09-10T19:31:28.654+0000] {logging_mixin.py:190} INFO - [2024-09-10T19:31:28.653+0000] {dag.py:3229} INFO - Sync 1 DAGs
[2024-09-10T19:31:28.692+0000] {logging_mixin.py:190} INFO - [2024-09-10T19:31:28.691+0000] {dag.py:4156} INFO - Setting next_dagrun for welcome_dag to 2024-09-09 23:00:00+00:00, run_after=2024-09-10 23:00:00+00:00
[2024-09-10T19:31:28.788+0000] {processor.py:208} INFO - Processing /opt/airflow/dags/welcome_dag.py took 0.221 seconds
[2024-09-10T19:31:59.681+0000] {processor.py:186} INFO - Started process (PID=41) to work on /opt/airflow/dags/welcome_dag.py
[2024-09-10T19:31:59.684+0000] {processor.py:914} INFO - Processing file /opt/airflow/dags/welcome_dag.py for tasks to queue
[2024-09-10T19:31:59.692+0000] {logging_mixin.py:190} INFO - [2024-09-10T19:31:59.691+0000] {dagbag.py:587} INFO - Filling up the DagBag from /opt/airflow/dags/welcome_dag.py
[2024-09-10T19:31:59.752+0000] {processor.py:925} INFO - DAG(s) 'welcome_dag' retrieved from /opt/airflow/dags/welcome_dag.py
[2024-09-10T19:31:59.810+0000] {logging_mixin.py:190} INFO - [2024-09-10T19:31:59.810+0000] {dag.py:3229} INFO - Sync 1 DAGs
[2024-09-10T19:31:59.853+0000] {logging_mixin.py:190} INFO - [2024-09-10T19:31:59.853+0000] {dag.py:4156} INFO - Setting next_dagrun for welcome_dag to 2024-09-09 23:00:00+00:00, run_after=2024-09-10 23:00:00+00:00
[2024-09-10T19:31:59.945+0000] {processor.py:208} INFO - Processing /opt/airflow/dags/welcome_dag.py took 0.277 seconds
[2024-09-10T19:32:30.529+0000] {processor.py:186} INFO - Started process (PID=42) to work on /opt/airflow/dags/welcome_dag.py
[2024-09-10T19:32:30.531+0000] {processor.py:914} INFO - Processing file /opt/airflow/dags/welcome_dag.py for tasks to queue
[2024-09-10T19:32:30.536+0000] {logging_mixin.py:190} INFO - [2024-09-10T19:32:30.535+0000] {dagbag.py:587} INFO - Filling up the DagBag from /opt/airflow/dags/welcome_dag.py
[2024-09-10T19:32:30.586+0000] {processor.py:925} INFO - DAG(s) 'welcome_dag' retrieved from /opt/airflow/dags/welcome_dag.py
[2024-09-10T19:32:30.634+0000] {logging_mixin.py:190} INFO - [2024-09-10T19:32:30.634+0000] {dag.py:3229} INFO - Sync 1 DAGs
[2024-09-10T19:32:30.720+0000] {logging_mixin.py:190} INFO - [2024-09-10T19:32:30.720+0000] {dag.py:4156} INFO - Setting next_dagrun for welcome_dag to 2024-09-09 23:00:00+00:00, run_after=2024-09-10 23:00:00+00:00
[2024-09-10T19:32:30.841+0000] {processor.py:208} INFO - Processing /opt/airflow/dags/welcome_dag.py took 0.326 seconds
[2024-09-10T19:33:01.873+0000] {processor.py:186} INFO - Started process (PID=43) to work on /opt/airflow/dags/welcome_dag.py
[2024-09-10T19:33:01.875+0000] {processor.py:914} INFO - Processing file /opt/airflow/dags/welcome_dag.py for tasks to queue
[2024-09-10T19:33:01.879+0000] {logging_mixin.py:190} INFO - [2024-09-10T19:33:01.878+0000] {dagbag.py:587} INFO - Filling up the DagBag from /opt/airflow/dags/welcome_dag.py
[2024-09-10T19:33:01.939+0000] {processor.py:925} INFO - DAG(s) 'welcome_dag' retrieved from /opt/airflow/dags/welcome_dag.py
[2024-09-10T19:33:01.998+0000] {logging_mixin.py:190} INFO - [2024-09-10T19:33:01.997+0000] {dag.py:3229} INFO - Sync 1 DAGs
[2024-09-10T19:33:02.052+0000] {logging_mixin.py:190} INFO - [2024-09-10T19:33:02.051+0000] {dag.py:4156} INFO - Setting next_dagrun for welcome_dag to 2024-09-09 23:00:00+00:00, run_after=2024-09-10 23:00:00+00:00
[2024-09-10T19:33:02.189+0000] {processor.py:208} INFO - Processing /opt/airflow/dags/welcome_dag.py took 0.324 seconds
[2024-09-10T19:33:33.291+0000] {processor.py:186} INFO - Started process (PID=44) to work on /opt/airflow/dags/welcome_dag.py
[2024-09-10T19:33:33.292+0000] {processor.py:914} INFO - Processing file /opt/airflow/dags/welcome_dag.py for tasks to queue
[2024-09-10T19:33:33.296+0000] {logging_mixin.py:190} INFO - [2024-09-10T19:33:33.296+0000] {dagbag.py:587} INFO - Filling up the DagBag from /opt/airflow/dags/welcome_dag.py
[2024-09-10T19:33:33.362+0000] {processor.py:925} INFO - DAG(s) 'welcome_dag' retrieved from /opt/airflow/dags/welcome_dag.py
[2024-09-10T19:33:33.427+0000] {logging_mixin.py:190} INFO - [2024-09-10T19:33:33.426+0000] {dag.py:3229} INFO - Sync 1 DAGs
[2024-09-10T19:33:33.478+0000] {logging_mixin.py:190} INFO - [2024-09-10T19:33:33.477+0000] {dag.py:4156} INFO - Setting next_dagrun for welcome_dag to 2024-09-09 23:00:00+00:00, run_after=2024-09-10 23:00:00+00:00
[2024-09-10T19:33:33.563+0000] {processor.py:208} INFO - Processing /opt/airflow/dags/welcome_dag.py took 0.281 seconds
[2024-09-10T19:34:04.334+0000] {processor.py:186} INFO - Started process (PID=45) to work on /opt/airflow/dags/welcome_dag.py
[2024-09-10T19:34:04.336+0000] {processor.py:914} INFO - Processing file /opt/airflow/dags/welcome_dag.py for tasks to queue
[2024-09-10T19:34:04.340+0000] {logging_mixin.py:190} INFO - [2024-09-10T19:34:04.339+0000] {dagbag.py:587} INFO - Filling up the DagBag from /opt/airflow/dags/welcome_dag.py
[2024-09-10T19:34:04.384+0000] {processor.py:925} INFO - DAG(s) 'welcome_dag' retrieved from /opt/airflow/dags/welcome_dag.py
[2024-09-10T19:34:04.429+0000] {logging_mixin.py:190} INFO - [2024-09-10T19:34:04.429+0000] {dag.py:3229} INFO - Sync 1 DAGs
[2024-09-10T19:34:04.472+0000] {logging_mixin.py:190} INFO - [2024-09-10T19:34:04.471+0000] {dag.py:4156} INFO - Setting next_dagrun for welcome_dag to 2024-09-09 23:00:00+00:00, run_after=2024-09-10 23:00:00+00:00
[2024-09-10T19:34:04.608+0000] {processor.py:208} INFO - Processing /opt/airflow/dags/welcome_dag.py took 0.283 seconds
[2024-09-10T19:34:35.204+0000] {processor.py:186} INFO - Started process (PID=46) to work on /opt/airflow/dags/welcome_dag.py
[2024-09-10T19:34:35.206+0000] {processor.py:914} INFO - Processing file /opt/airflow/dags/welcome_dag.py for tasks to queue
[2024-09-10T19:34:35.211+0000] {logging_mixin.py:190} INFO - [2024-09-10T19:34:35.210+0000] {dagbag.py:587} INFO - Filling up the DagBag from /opt/airflow/dags/welcome_dag.py
[2024-09-10T19:34:35.255+0000] {processor.py:925} INFO - DAG(s) 'welcome_dag' retrieved from /opt/airflow/dags/welcome_dag.py
[2024-09-10T19:34:35.297+0000] {logging_mixin.py:190} INFO - [2024-09-10T19:34:35.297+0000] {dag.py:3229} INFO - Sync 1 DAGs
[2024-09-10T19:34:35.337+0000] {logging_mixin.py:190} INFO - [2024-09-10T19:34:35.336+0000] {dag.py:4156} INFO - Setting next_dagrun for welcome_dag to 2024-09-09 23:00:00+00:00, run_after=2024-09-10 23:00:00+00:00
[2024-09-10T19:34:35.443+0000] {processor.py:208} INFO - Processing /opt/airflow/dags/welcome_dag.py took 0.248 seconds
[2024-09-10T19:35:06.032+0000] {processor.py:186} INFO - Started process (PID=47) to work on /opt/airflow/dags/welcome_dag.py
[2024-09-10T19:35:06.034+0000] {processor.py:914} INFO - Processing file /opt/airflow/dags/welcome_dag.py for tasks to queue
[2024-09-10T19:35:06.038+0000] {logging_mixin.py:190} INFO - [2024-09-10T19:35:06.037+0000] {dagbag.py:587} INFO - Filling up the DagBag from /opt/airflow/dags/welcome_dag.py
[2024-09-10T19:35:06.086+0000] {processor.py:925} INFO - DAG(s) 'welcome_dag' retrieved from /opt/airflow/dags/welcome_dag.py
[2024-09-10T19:35:06.129+0000] {logging_mixin.py:190} INFO - [2024-09-10T19:35:06.128+0000] {dag.py:3229} INFO - Sync 1 DAGs
[2024-09-10T19:35:06.180+0000] {logging_mixin.py:190} INFO - [2024-09-10T19:35:06.180+0000] {dag.py:4156} INFO - Setting next_dagrun for welcome_dag to 2024-09-09 23:00:00+00:00, run_after=2024-09-10 23:00:00+00:00
[2024-09-10T19:35:06.293+0000] {processor.py:208} INFO - Processing /opt/airflow/dags/welcome_dag.py took 0.269 seconds
[2024-09-10T19:35:37.050+0000] {processor.py:186} INFO - Started process (PID=48) to work on /opt/airflow/dags/welcome_dag.py
[2024-09-10T19:35:37.052+0000] {processor.py:914} INFO - Processing file /opt/airflow/dags/welcome_dag.py for tasks to queue
[2024-09-10T19:35:37.056+0000] {logging_mixin.py:190} INFO - [2024-09-10T19:35:37.055+0000] {dagbag.py:587} INFO - Filling up the DagBag from /opt/airflow/dags/welcome_dag.py
[2024-09-10T19:35:37.103+0000] {processor.py:925} INFO - DAG(s) 'welcome_dag' retrieved from /opt/airflow/dags/welcome_dag.py
[2024-09-10T19:35:37.180+0000] {logging_mixin.py:190} INFO - [2024-09-10T19:35:37.179+0000] {dag.py:3229} INFO - Sync 1 DAGs
[2024-09-10T19:35:37.249+0000] {logging_mixin.py:190} INFO - [2024-09-10T19:35:37.248+0000] {dag.py:4156} INFO - Setting next_dagrun for welcome_dag to 2024-09-09 23:00:00+00:00, run_after=2024-09-10 23:00:00+00:00
[2024-09-10T19:35:37.350+0000] {processor.py:208} INFO - Processing /opt/airflow/dags/welcome_dag.py took 0.313 seconds
[2024-09-10T19:36:07.719+0000] {processor.py:186} INFO - Started process (PID=49) to work on /opt/airflow/dags/welcome_dag.py
[2024-09-10T19:36:07.721+0000] {processor.py:914} INFO - Processing file /opt/airflow/dags/welcome_dag.py for tasks to queue
[2024-09-10T19:36:07.725+0000] {logging_mixin.py:190} INFO - [2024-09-10T19:36:07.725+0000] {dagbag.py:587} INFO - Filling up the DagBag from /opt/airflow/dags/welcome_dag.py
[2024-09-10T19:36:07.783+0000] {processor.py:925} INFO - DAG(s) 'welcome_dag' retrieved from /opt/airflow/dags/welcome_dag.py
[2024-09-10T19:36:07.844+0000] {logging_mixin.py:190} INFO - [2024-09-10T19:36:07.844+0000] {dag.py:3229} INFO - Sync 1 DAGs
[2024-09-10T19:36:07.909+0000] {logging_mixin.py:190} INFO - [2024-09-10T19:36:07.909+0000] {dag.py:4156} INFO - Setting next_dagrun for welcome_dag to 2024-09-09 23:00:00+00:00, run_after=2024-09-10 23:00:00+00:00
[2024-09-10T19:36:07.995+0000] {processor.py:208} INFO - Processing /opt/airflow/dags/welcome_dag.py took 0.285 seconds
[2024-09-10T19:36:38.532+0000] {processor.py:186} INFO - Started process (PID=50) to work on /opt/airflow/dags/welcome_dag.py
[2024-09-10T19:36:38.534+0000] {processor.py:914} INFO - Processing file /opt/airflow/dags/welcome_dag.py for tasks to queue
[2024-09-10T19:36:38.540+0000] {logging_mixin.py:190} INFO - [2024-09-10T19:36:38.539+0000] {dagbag.py:587} INFO - Filling up the DagBag from /opt/airflow/dags/welcome_dag.py
[2024-09-10T19:36:38.593+0000] {processor.py:925} INFO - DAG(s) 'welcome_dag' retrieved from /opt/airflow/dags/welcome_dag.py
[2024-09-10T19:36:38.645+0000] {logging_mixin.py:190} INFO - [2024-09-10T19:36:38.644+0000] {dag.py:3229} INFO - Sync 1 DAGs
[2024-09-10T19:36:38.713+0000] {logging_mixin.py:190} INFO - [2024-09-10T19:36:38.712+0000] {dag.py:4156} INFO - Setting next_dagrun for welcome_dag to 2024-09-09 23:00:00+00:00, run_after=2024-09-10 23:00:00+00:00
[2024-09-10T19:36:38.826+0000] {processor.py:208} INFO - Processing /opt/airflow/dags/welcome_dag.py took 0.314 seconds
[2024-09-10T19:37:09.296+0000] {processor.py:186} INFO - Started process (PID=51) to work on /opt/airflow/dags/welcome_dag.py
[2024-09-10T19:37:09.299+0000] {processor.py:914} INFO - Processing file /opt/airflow/dags/welcome_dag.py for tasks to queue
[2024-09-10T19:37:09.304+0000] {logging_mixin.py:190} INFO - [2024-09-10T19:37:09.302+0000] {dagbag.py:587} INFO - Filling up the DagBag from /opt/airflow/dags/welcome_dag.py
[2024-09-10T19:37:09.345+0000] {processor.py:925} INFO - DAG(s) 'welcome_dag' retrieved from /opt/airflow/dags/welcome_dag.py
[2024-09-10T19:37:09.391+0000] {logging_mixin.py:190} INFO - [2024-09-10T19:37:09.390+0000] {dag.py:3229} INFO - Sync 1 DAGs
[2024-09-10T19:37:09.435+0000] {logging_mixin.py:190} INFO - [2024-09-10T19:37:09.435+0000] {dag.py:4156} INFO - Setting next_dagrun for welcome_dag to 2024-09-09 23:00:00+00:00, run_after=2024-09-10 23:00:00+00:00
[2024-09-10T19:37:09.527+0000] {processor.py:208} INFO - Processing /opt/airflow/dags/welcome_dag.py took 0.242 seconds
[2024-09-10T19:37:40.058+0000] {processor.py:186} INFO - Started process (PID=52) to work on /opt/airflow/dags/welcome_dag.py
[2024-09-10T19:37:40.061+0000] {processor.py:914} INFO - Processing file /opt/airflow/dags/welcome_dag.py for tasks to queue
[2024-09-10T19:37:40.067+0000] {logging_mixin.py:190} INFO - [2024-09-10T19:37:40.066+0000] {dagbag.py:587} INFO - Filling up the DagBag from /opt/airflow/dags/welcome_dag.py
[2024-09-10T19:37:40.108+0000] {processor.py:925} INFO - DAG(s) 'welcome_dag' retrieved from /opt/airflow/dags/welcome_dag.py
[2024-09-10T19:37:40.153+0000] {logging_mixin.py:190} INFO - [2024-09-10T19:37:40.153+0000] {dag.py:3229} INFO - Sync 1 DAGs
[2024-09-10T19:37:40.222+0000] {logging_mixin.py:190} INFO - [2024-09-10T19:37:40.221+0000] {dag.py:4156} INFO - Setting next_dagrun for welcome_dag to 2024-09-09 23:00:00+00:00, run_after=2024-09-10 23:00:00+00:00
[2024-09-10T19:37:40.297+0000] {processor.py:208} INFO - Processing /opt/airflow/dags/welcome_dag.py took 0.249 seconds
[2024-09-10T19:38:10.795+0000] {processor.py:186} INFO - Started process (PID=53) to work on /opt/airflow/dags/welcome_dag.py
[2024-09-10T19:38:10.797+0000] {processor.py:914} INFO - Processing file /opt/airflow/dags/welcome_dag.py for tasks to queue
[2024-09-10T19:38:10.804+0000] {logging_mixin.py:190} INFO - [2024-09-10T19:38:10.803+0000] {dagbag.py:587} INFO - Filling up the DagBag from /opt/airflow/dags/welcome_dag.py
[2024-09-10T19:38:10.856+0000] {processor.py:925} INFO - DAG(s) 'welcome_dag' retrieved from /opt/airflow/dags/welcome_dag.py
[2024-09-10T19:38:10.923+0000] {logging_mixin.py:190} INFO - [2024-09-10T19:38:10.922+0000] {dag.py:3229} INFO - Sync 1 DAGs
[2024-09-10T19:38:10.979+0000] {logging_mixin.py:190} INFO - [2024-09-10T19:38:10.979+0000] {dag.py:4156} INFO - Setting next_dagrun for welcome_dag to 2024-09-09 23:00:00+00:00, run_after=2024-09-10 23:00:00+00:00
[2024-09-10T19:38:11.059+0000] {processor.py:208} INFO - Processing /opt/airflow/dags/welcome_dag.py took 0.274 seconds
[2024-09-10T19:38:41.626+0000] {processor.py:186} INFO - Started process (PID=54) to work on /opt/airflow/dags/welcome_dag.py
[2024-09-10T19:38:41.629+0000] {processor.py:914} INFO - Processing file /opt/airflow/dags/welcome_dag.py for tasks to queue
[2024-09-10T19:38:41.637+0000] {logging_mixin.py:190} INFO - [2024-09-10T19:38:41.636+0000] {dagbag.py:587} INFO - Filling up the DagBag from /opt/airflow/dags/welcome_dag.py
[2024-09-10T19:38:41.675+0000] {processor.py:925} INFO - DAG(s) 'welcome_dag' retrieved from /opt/airflow/dags/welcome_dag.py
[2024-09-10T19:38:41.717+0000] {logging_mixin.py:190} INFO - [2024-09-10T19:38:41.717+0000] {dag.py:3229} INFO - Sync 1 DAGs
[2024-09-10T19:38:41.765+0000] {logging_mixin.py:190} INFO - [2024-09-10T19:38:41.765+0000] {dag.py:4156} INFO - Setting next_dagrun for welcome_dag to 2024-09-09 23:00:00+00:00, run_after=2024-09-10 23:00:00+00:00
[2024-09-10T19:38:41.867+0000] {processor.py:208} INFO - Processing /opt/airflow/dags/welcome_dag.py took 0.250 seconds
[2024-09-10T19:39:12.308+0000] {processor.py:186} INFO - Started process (PID=55) to work on /opt/airflow/dags/welcome_dag.py
[2024-09-10T19:39:12.310+0000] {processor.py:914} INFO - Processing file /opt/airflow/dags/welcome_dag.py for tasks to queue
[2024-09-10T19:39:12.316+0000] {logging_mixin.py:190} INFO - [2024-09-10T19:39:12.315+0000] {dagbag.py:587} INFO - Filling up the DagBag from /opt/airflow/dags/welcome_dag.py
[2024-09-10T19:39:12.366+0000] {processor.py:925} INFO - DAG(s) 'welcome_dag' retrieved from /opt/airflow/dags/welcome_dag.py
[2024-09-10T19:39:12.422+0000] {logging_mixin.py:190} INFO - [2024-09-10T19:39:12.421+0000] {dag.py:3229} INFO - Sync 1 DAGs
[2024-09-10T19:39:12.469+0000] {logging_mixin.py:190} INFO - [2024-09-10T19:39:12.469+0000] {dag.py:4156} INFO - Setting next_dagrun for welcome_dag to 2024-09-09 23:00:00+00:00, run_after=2024-09-10 23:00:00+00:00
[2024-09-10T19:39:12.540+0000] {processor.py:208} INFO - Processing /opt/airflow/dags/welcome_dag.py took 0.241 seconds
[2024-09-10T19:39:42.977+0000] {processor.py:186} INFO - Started process (PID=56) to work on /opt/airflow/dags/welcome_dag.py
[2024-09-10T19:39:42.980+0000] {processor.py:914} INFO - Processing file /opt/airflow/dags/welcome_dag.py for tasks to queue
[2024-09-10T19:39:42.984+0000] {logging_mixin.py:190} INFO - [2024-09-10T19:39:42.983+0000] {dagbag.py:587} INFO - Filling up the DagBag from /opt/airflow/dags/welcome_dag.py
[2024-09-10T19:39:43.026+0000] {processor.py:925} INFO - DAG(s) 'welcome_dag' retrieved from /opt/airflow/dags/welcome_dag.py
[2024-09-10T19:39:43.073+0000] {logging_mixin.py:190} INFO - [2024-09-10T19:39:43.073+0000] {dag.py:3229} INFO - Sync 1 DAGs
[2024-09-10T19:39:43.133+0000] {logging_mixin.py:190} INFO - [2024-09-10T19:39:43.132+0000] {dag.py:4156} INFO - Setting next_dagrun for welcome_dag to 2024-09-09 23:00:00+00:00, run_after=2024-09-10 23:00:00+00:00
[2024-09-10T19:39:43.288+0000] {processor.py:208} INFO - Processing /opt/airflow/dags/welcome_dag.py took 0.322 seconds
[2024-09-10T19:40:13.807+0000] {processor.py:186} INFO - Started process (PID=57) to work on /opt/airflow/dags/welcome_dag.py
[2024-09-10T19:40:13.809+0000] {processor.py:914} INFO - Processing file /opt/airflow/dags/welcome_dag.py for tasks to queue
[2024-09-10T19:40:13.814+0000] {logging_mixin.py:190} INFO - [2024-09-10T19:40:13.814+0000] {dagbag.py:587} INFO - Filling up the DagBag from /opt/airflow/dags/welcome_dag.py
[2024-09-10T19:40:13.862+0000] {processor.py:925} INFO - DAG(s) 'welcome_dag' retrieved from /opt/airflow/dags/welcome_dag.py
[2024-09-10T19:40:13.923+0000] {logging_mixin.py:190} INFO - [2024-09-10T19:40:13.922+0000] {dag.py:3229} INFO - Sync 1 DAGs
[2024-09-10T19:40:13.966+0000] {logging_mixin.py:190} INFO - [2024-09-10T19:40:13.966+0000] {dag.py:4156} INFO - Setting next_dagrun for welcome_dag to 2024-09-09 23:00:00+00:00, run_after=2024-09-10 23:00:00+00:00
[2024-09-10T19:40:14.043+0000] {processor.py:208} INFO - Processing /opt/airflow/dags/welcome_dag.py took 0.248 seconds
[2024-09-10T19:40:44.424+0000] {processor.py:186} INFO - Started process (PID=58) to work on /opt/airflow/dags/welcome_dag.py
[2024-09-10T19:40:44.426+0000] {processor.py:914} INFO - Processing file /opt/airflow/dags/welcome_dag.py for tasks to queue
[2024-09-10T19:40:44.430+0000] {logging_mixin.py:190} INFO - [2024-09-10T19:40:44.429+0000] {dagbag.py:587} INFO - Filling up the DagBag from /opt/airflow/dags/welcome_dag.py
[2024-09-10T19:40:44.481+0000] {processor.py:925} INFO - DAG(s) 'welcome_dag' retrieved from /opt/airflow/dags/welcome_dag.py
[2024-09-10T19:40:44.541+0000] {logging_mixin.py:190} INFO - [2024-09-10T19:40:44.541+0000] {dag.py:3229} INFO - Sync 1 DAGs
[2024-09-10T19:40:44.594+0000] {logging_mixin.py:190} INFO - [2024-09-10T19:40:44.594+0000] {dag.py:4156} INFO - Setting next_dagrun for welcome_dag to 2024-09-09 23:00:00+00:00, run_after=2024-09-10 23:00:00+00:00
[2024-09-10T19:40:44.686+0000] {processor.py:208} INFO - Processing /opt/airflow/dags/welcome_dag.py took 0.269 seconds
[2024-09-10T19:41:15.174+0000] {processor.py:186} INFO - Started process (PID=59) to work on /opt/airflow/dags/welcome_dag.py
[2024-09-10T19:41:15.177+0000] {processor.py:914} INFO - Processing file /opt/airflow/dags/welcome_dag.py for tasks to queue
[2024-09-10T19:41:15.187+0000] {logging_mixin.py:190} INFO - [2024-09-10T19:41:15.182+0000] {dagbag.py:587} INFO - Filling up the DagBag from /opt/airflow/dags/welcome_dag.py
[2024-09-10T19:41:15.246+0000] {processor.py:925} INFO - DAG(s) 'welcome_dag' retrieved from /opt/airflow/dags/welcome_dag.py
[2024-09-10T19:41:15.306+0000] {logging_mixin.py:190} INFO - [2024-09-10T19:41:15.305+0000] {dag.py:3229} INFO - Sync 1 DAGs
[2024-09-10T19:41:15.390+0000] {logging_mixin.py:190} INFO - [2024-09-10T19:41:15.390+0000] {dag.py:4156} INFO - Setting next_dagrun for welcome_dag to 2024-09-09 23:00:00+00:00, run_after=2024-09-10 23:00:00+00:00
[2024-09-10T19:41:15.476+0000] {processor.py:208} INFO - Processing /opt/airflow/dags/welcome_dag.py took 0.320 seconds
[2024-09-10T19:41:45.944+0000] {processor.py:186} INFO - Started process (PID=60) to work on /opt/airflow/dags/welcome_dag.py
[2024-09-10T19:41:45.946+0000] {processor.py:914} INFO - Processing file /opt/airflow/dags/welcome_dag.py for tasks to queue
[2024-09-10T19:41:45.949+0000] {logging_mixin.py:190} INFO - [2024-09-10T19:41:45.948+0000] {dagbag.py:587} INFO - Filling up the DagBag from /opt/airflow/dags/welcome_dag.py
[2024-09-10T19:41:45.988+0000] {processor.py:925} INFO - DAG(s) 'welcome_dag' retrieved from /opt/airflow/dags/welcome_dag.py
[2024-09-10T19:41:46.032+0000] {logging_mixin.py:190} INFO - [2024-09-10T19:41:46.031+0000] {dag.py:3229} INFO - Sync 1 DAGs
[2024-09-10T19:41:46.074+0000] {logging_mixin.py:190} INFO - [2024-09-10T19:41:46.074+0000] {dag.py:4156} INFO - Setting next_dagrun for welcome_dag to 2024-09-09 23:00:00+00:00, run_after=2024-09-10 23:00:00+00:00
[2024-09-10T19:41:46.143+0000] {processor.py:208} INFO - Processing /opt/airflow/dags/welcome_dag.py took 0.208 seconds
[2024-09-10T19:42:16.669+0000] {processor.py:186} INFO - Started process (PID=61) to work on /opt/airflow/dags/welcome_dag.py
[2024-09-10T19:42:16.671+0000] {processor.py:914} INFO - Processing file /opt/airflow/dags/welcome_dag.py for tasks to queue
[2024-09-10T19:42:16.678+0000] {logging_mixin.py:190} INFO - [2024-09-10T19:42:16.676+0000] {dagbag.py:587} INFO - Filling up the DagBag from /opt/airflow/dags/welcome_dag.py
[2024-09-10T19:42:16.829+0000] {processor.py:925} INFO - DAG(s) 'welcome_dag' retrieved from /opt/airflow/dags/welcome_dag.py
[2024-09-10T19:42:16.898+0000] {logging_mixin.py:190} INFO - [2024-09-10T19:42:16.898+0000] {dag.py:3229} INFO - Sync 1 DAGs
[2024-09-10T19:42:16.959+0000] {logging_mixin.py:190} INFO - [2024-09-10T19:42:16.958+0000] {dag.py:4156} INFO - Setting next_dagrun for welcome_dag to 2024-09-09 23:00:00+00:00, run_after=2024-09-10 23:00:00+00:00
[2024-09-10T19:42:17.052+0000] {processor.py:208} INFO - Processing /opt/airflow/dags/welcome_dag.py took 0.394 seconds
[2024-09-10T19:42:47.549+0000] {processor.py:186} INFO - Started process (PID=62) to work on /opt/airflow/dags/welcome_dag.py
[2024-09-10T19:42:47.551+0000] {processor.py:914} INFO - Processing file /opt/airflow/dags/welcome_dag.py for tasks to queue
[2024-09-10T19:42:47.558+0000] {logging_mixin.py:190} INFO - [2024-09-10T19:42:47.557+0000] {dagbag.py:587} INFO - Filling up the DagBag from /opt/airflow/dags/welcome_dag.py
[2024-09-10T19:42:47.690+0000] {processor.py:925} INFO - DAG(s) 'welcome_dag' retrieved from /opt/airflow/dags/welcome_dag.py
[2024-09-10T19:42:48.638+0000] {logging_mixin.py:190} INFO - [2024-09-10T19:42:48.638+0000] {dag.py:3229} INFO - Sync 1 DAGs
[2024-09-10T19:42:49.837+0000] {logging_mixin.py:190} INFO - [2024-09-10T19:42:49.835+0000] {dag.py:4156} INFO - Setting next_dagrun for welcome_dag to 2024-09-09 23:00:00+00:00, run_after=2024-09-10 23:00:00+00:00
[2024-09-10T19:42:50.146+0000] {processor.py:208} INFO - Processing /opt/airflow/dags/welcome_dag.py took 2.631 seconds
[2024-09-10T19:43:20.482+0000] {processor.py:186} INFO - Started process (PID=63) to work on /opt/airflow/dags/welcome_dag.py
[2024-09-10T19:43:20.484+0000] {processor.py:914} INFO - Processing file /opt/airflow/dags/welcome_dag.py for tasks to queue
[2024-09-10T19:43:20.490+0000] {logging_mixin.py:190} INFO - [2024-09-10T19:43:20.489+0000] {dagbag.py:587} INFO - Filling up the DagBag from /opt/airflow/dags/welcome_dag.py
[2024-09-10T19:43:20.570+0000] {processor.py:925} INFO - DAG(s) 'welcome_dag' retrieved from /opt/airflow/dags/welcome_dag.py
[2024-09-10T19:43:20.679+0000] {logging_mixin.py:190} INFO - [2024-09-10T19:43:20.678+0000] {dag.py:3229} INFO - Sync 1 DAGs
[2024-09-10T19:43:20.760+0000] {logging_mixin.py:190} INFO - [2024-09-10T19:43:20.759+0000] {dag.py:4156} INFO - Setting next_dagrun for welcome_dag to 2024-09-09 23:00:00+00:00, run_after=2024-09-10 23:00:00+00:00
[2024-09-10T19:43:20.938+0000] {processor.py:208} INFO - Processing /opt/airflow/dags/welcome_dag.py took 0.476 seconds
[2024-09-10T19:43:51.413+0000] {processor.py:186} INFO - Started process (PID=64) to work on /opt/airflow/dags/welcome_dag.py
[2024-09-10T19:43:51.420+0000] {processor.py:914} INFO - Processing file /opt/airflow/dags/welcome_dag.py for tasks to queue
[2024-09-10T19:43:51.431+0000] {logging_mixin.py:190} INFO - [2024-09-10T19:43:51.431+0000] {dagbag.py:587} INFO - Filling up the DagBag from /opt/airflow/dags/welcome_dag.py
[2024-09-10T19:43:51.514+0000] {processor.py:925} INFO - DAG(s) 'welcome_dag' retrieved from /opt/airflow/dags/welcome_dag.py
[2024-09-10T19:43:51.617+0000] {logging_mixin.py:190} INFO - [2024-09-10T19:43:51.617+0000] {dag.py:3229} INFO - Sync 1 DAGs
[2024-09-10T19:43:51.742+0000] {logging_mixin.py:190} INFO - [2024-09-10T19:43:51.740+0000] {dag.py:4156} INFO - Setting next_dagrun for welcome_dag to 2024-09-09 23:00:00+00:00, run_after=2024-09-10 23:00:00+00:00
[2024-09-10T19:43:54.349+0000] {processor.py:208} INFO - Processing /opt/airflow/dags/welcome_dag.py took 2.954 seconds
[2024-09-10T19:44:31.756+0000] {processor.py:186} INFO - Started process (PID=71) to work on /opt/airflow/dags/welcome_dag.py
[2024-09-10T19:44:31.759+0000] {processor.py:914} INFO - Processing file /opt/airflow/dags/welcome_dag.py for tasks to queue
[2024-09-10T19:44:31.779+0000] {logging_mixin.py:190} INFO - [2024-09-10T19:44:31.766+0000] {dagbag.py:587} INFO - Filling up the DagBag from /opt/airflow/dags/welcome_dag.py
[2024-09-10T19:44:31.878+0000] {processor.py:925} INFO - DAG(s) 'welcome_dag' retrieved from /opt/airflow/dags/welcome_dag.py
[2024-09-10T19:44:31.964+0000] {logging_mixin.py:190} INFO - [2024-09-10T19:44:31.963+0000] {dag.py:3229} INFO - Sync 1 DAGs
[2024-09-10T19:44:32.200+0000] {logging_mixin.py:190} INFO - [2024-09-10T19:44:32.200+0000] {dag.py:4156} INFO - Setting next_dagrun for welcome_dag to 2024-09-09 23:00:00+00:00, run_after=2024-09-10 23:00:00+00:00
[2024-09-10T19:44:32.327+0000] {processor.py:208} INFO - Processing /opt/airflow/dags/welcome_dag.py took 0.586 seconds
[2024-09-10T19:45:03.564+0000] {processor.py:186} INFO - Started process (PID=84) to work on /opt/airflow/dags/welcome_dag.py
[2024-09-10T19:45:03.566+0000] {processor.py:914} INFO - Processing file /opt/airflow/dags/welcome_dag.py for tasks to queue
[2024-09-10T19:45:03.575+0000] {logging_mixin.py:190} INFO - [2024-09-10T19:45:03.574+0000] {dagbag.py:587} INFO - Filling up the DagBag from /opt/airflow/dags/welcome_dag.py
[2024-09-10T19:45:03.758+0000] {processor.py:925} INFO - DAG(s) 'welcome_dag' retrieved from /opt/airflow/dags/welcome_dag.py
[2024-09-10T19:45:03.884+0000] {logging_mixin.py:190} INFO - [2024-09-10T19:45:03.883+0000] {dag.py:3229} INFO - Sync 1 DAGs
[2024-09-10T19:45:03.954+0000] {logging_mixin.py:190} INFO - [2024-09-10T19:45:03.954+0000] {dag.py:4156} INFO - Setting next_dagrun for welcome_dag to 2024-09-09 23:00:00+00:00, run_after=2024-09-10 23:00:00+00:00
[2024-09-10T19:45:04.070+0000] {processor.py:208} INFO - Processing /opt/airflow/dags/welcome_dag.py took 0.514 seconds
[2024-09-10T19:45:35.473+0000] {processor.py:186} INFO - Started process (PID=85) to work on /opt/airflow/dags/welcome_dag.py
[2024-09-10T19:45:35.475+0000] {processor.py:914} INFO - Processing file /opt/airflow/dags/welcome_dag.py for tasks to queue
[2024-09-10T19:45:35.479+0000] {logging_mixin.py:190} INFO - [2024-09-10T19:45:35.478+0000] {dagbag.py:587} INFO - Filling up the DagBag from /opt/airflow/dags/welcome_dag.py
[2024-09-10T19:45:35.529+0000] {processor.py:925} INFO - DAG(s) 'welcome_dag' retrieved from /opt/airflow/dags/welcome_dag.py
[2024-09-10T19:45:35.584+0000] {logging_mixin.py:190} INFO - [2024-09-10T19:45:35.583+0000] {dag.py:3229} INFO - Sync 1 DAGs
[2024-09-10T19:45:35.637+0000] {logging_mixin.py:190} INFO - [2024-09-10T19:45:35.637+0000] {dag.py:4156} INFO - Setting next_dagrun for welcome_dag to 2024-09-09 23:00:00+00:00, run_after=2024-09-10 23:00:00+00:00
[2024-09-10T19:45:35.787+0000] {processor.py:208} INFO - Processing /opt/airflow/dags/welcome_dag.py took 0.325 seconds
[2024-09-10T19:46:05.985+0000] {processor.py:186} INFO - Started process (PID=86) to work on /opt/airflow/dags/welcome_dag.py
[2024-09-10T19:46:05.987+0000] {processor.py:914} INFO - Processing file /opt/airflow/dags/welcome_dag.py for tasks to queue
[2024-09-10T19:46:05.991+0000] {logging_mixin.py:190} INFO - [2024-09-10T19:46:05.990+0000] {dagbag.py:587} INFO - Filling up the DagBag from /opt/airflow/dags/welcome_dag.py
[2024-09-10T19:46:06.045+0000] {processor.py:925} INFO - DAG(s) 'welcome_dag' retrieved from /opt/airflow/dags/welcome_dag.py
[2024-09-10T19:46:06.104+0000] {logging_mixin.py:190} INFO - [2024-09-10T19:46:06.104+0000] {dag.py:3229} INFO - Sync 1 DAGs
[2024-09-10T19:46:06.164+0000] {logging_mixin.py:190} INFO - [2024-09-10T19:46:06.164+0000] {dag.py:4156} INFO - Setting next_dagrun for welcome_dag to 2024-09-09 23:00:00+00:00, run_after=2024-09-10 23:00:00+00:00
[2024-09-10T19:46:06.290+0000] {processor.py:208} INFO - Processing /opt/airflow/dags/welcome_dag.py took 0.314 seconds
[2024-09-10T19:46:37.479+0000] {processor.py:186} INFO - Started process (PID=87) to work on /opt/airflow/dags/welcome_dag.py
[2024-09-10T19:46:37.481+0000] {processor.py:914} INFO - Processing file /opt/airflow/dags/welcome_dag.py for tasks to queue
[2024-09-10T19:46:37.486+0000] {logging_mixin.py:190} INFO - [2024-09-10T19:46:37.485+0000] {dagbag.py:587} INFO - Filling up the DagBag from /opt/airflow/dags/welcome_dag.py
[2024-09-10T19:46:37.565+0000] {processor.py:925} INFO - DAG(s) 'welcome_dag' retrieved from /opt/airflow/dags/welcome_dag.py
[2024-09-10T19:46:37.630+0000] {logging_mixin.py:190} INFO - [2024-09-10T19:46:37.630+0000] {dag.py:3229} INFO - Sync 1 DAGs
[2024-09-10T19:46:37.673+0000] {logging_mixin.py:190} INFO - [2024-09-10T19:46:37.673+0000] {dag.py:4156} INFO - Setting next_dagrun for welcome_dag to 2024-09-09 23:00:00+00:00, run_after=2024-09-10 23:00:00+00:00
[2024-09-10T19:46:37.799+0000] {processor.py:208} INFO - Processing /opt/airflow/dags/welcome_dag.py took 0.332 seconds
[2024-09-10T19:47:08.177+0000] {processor.py:186} INFO - Started process (PID=88) to work on /opt/airflow/dags/welcome_dag.py
[2024-09-10T19:47:08.179+0000] {processor.py:914} INFO - Processing file /opt/airflow/dags/welcome_dag.py for tasks to queue
[2024-09-10T19:47:08.187+0000] {logging_mixin.py:190} INFO - [2024-09-10T19:47:08.186+0000] {dagbag.py:587} INFO - Filling up the DagBag from /opt/airflow/dags/welcome_dag.py
[2024-09-10T19:47:08.260+0000] {processor.py:925} INFO - DAG(s) 'welcome_dag' retrieved from /opt/airflow/dags/welcome_dag.py
[2024-09-10T19:47:08.314+0000] {logging_mixin.py:190} INFO - [2024-09-10T19:47:08.313+0000] {dag.py:3229} INFO - Sync 1 DAGs
[2024-09-10T19:47:08.360+0000] {logging_mixin.py:190} INFO - [2024-09-10T19:47:08.360+0000] {dag.py:4156} INFO - Setting next_dagrun for welcome_dag to 2024-09-09 23:00:00+00:00, run_after=2024-09-10 23:00:00+00:00
[2024-09-10T19:47:08.445+0000] {processor.py:208} INFO - Processing /opt/airflow/dags/welcome_dag.py took 0.282 seconds
[2024-09-10T19:47:39.576+0000] {processor.py:186} INFO - Started process (PID=89) to work on /opt/airflow/dags/welcome_dag.py
[2024-09-10T19:47:39.578+0000] {processor.py:914} INFO - Processing file /opt/airflow/dags/welcome_dag.py for tasks to queue
[2024-09-10T19:47:39.582+0000] {logging_mixin.py:190} INFO - [2024-09-10T19:47:39.581+0000] {dagbag.py:587} INFO - Filling up the DagBag from /opt/airflow/dags/welcome_dag.py
[2024-09-10T19:47:39.619+0000] {processor.py:925} INFO - DAG(s) 'welcome_dag' retrieved from /opt/airflow/dags/welcome_dag.py
[2024-09-10T19:47:39.685+0000] {logging_mixin.py:190} INFO - [2024-09-10T19:47:39.684+0000] {dag.py:3229} INFO - Sync 1 DAGs
[2024-09-10T19:47:39.794+0000] {logging_mixin.py:190} INFO - [2024-09-10T19:47:39.789+0000] {dag.py:4156} INFO - Setting next_dagrun for welcome_dag to 2024-09-09 23:00:00+00:00, run_after=2024-09-10 23:00:00+00:00
[2024-09-10T19:47:39.915+0000] {processor.py:208} INFO - Processing /opt/airflow/dags/welcome_dag.py took 0.347 seconds
[2024-09-10T19:47:49.298+0000] {processor.py:186} INFO - Started process (PID=90) to work on /opt/airflow/dags/welcome_dag.py
[2024-09-10T19:47:49.300+0000] {processor.py:914} INFO - Processing file /opt/airflow/dags/welcome_dag.py for tasks to queue
[2024-09-10T19:47:49.305+0000] {logging_mixin.py:190} INFO - [2024-09-10T19:47:49.304+0000] {dagbag.py:587} INFO - Filling up the DagBag from /opt/airflow/dags/welcome_dag.py
[2024-09-10T19:47:49.394+0000] {processor.py:925} INFO - DAG(s) 'welcome_dag' retrieved from /opt/airflow/dags/welcome_dag.py
[2024-09-10T19:47:49.458+0000] {logging_mixin.py:190} INFO - [2024-09-10T19:47:49.457+0000] {dag.py:3229} INFO - Sync 1 DAGs
[2024-09-10T19:47:49.513+0000] {logging_mixin.py:190} INFO - [2024-09-10T19:47:49.513+0000] {dag.py:4156} INFO - Setting next_dagrun for welcome_dag to 2024-09-09 23:00:00+00:00, run_after=2024-09-10 23:00:00+00:00
[2024-09-10T19:47:49.598+0000] {processor.py:208} INFO - Processing /opt/airflow/dags/welcome_dag.py took 0.308 seconds
[2024-09-10T19:48:20.598+0000] {processor.py:186} INFO - Started process (PID=97) to work on /opt/airflow/dags/welcome_dag.py
[2024-09-10T19:48:20.600+0000] {processor.py:914} INFO - Processing file /opt/airflow/dags/welcome_dag.py for tasks to queue
[2024-09-10T19:48:20.606+0000] {logging_mixin.py:190} INFO - [2024-09-10T19:48:20.605+0000] {dagbag.py:587} INFO - Filling up the DagBag from /opt/airflow/dags/welcome_dag.py
[2024-09-10T19:48:20.694+0000] {processor.py:925} INFO - DAG(s) 'welcome_dag' retrieved from /opt/airflow/dags/welcome_dag.py
[2024-09-10T19:48:20.750+0000] {logging_mixin.py:190} INFO - [2024-09-10T19:48:20.749+0000] {dag.py:3229} INFO - Sync 1 DAGs
[2024-09-10T19:48:20.817+0000] {logging_mixin.py:190} INFO - [2024-09-10T19:48:20.817+0000] {dag.py:4156} INFO - Setting next_dagrun for welcome_dag to 2024-09-09 23:00:00+00:00, run_after=2024-09-10 23:00:00+00:00
[2024-09-10T19:48:20.931+0000] {processor.py:208} INFO - Processing /opt/airflow/dags/welcome_dag.py took 0.348 seconds
[2024-09-10T19:48:52.939+0000] {processor.py:186} INFO - Started process (PID=110) to work on /opt/airflow/dags/welcome_dag.py
[2024-09-10T19:48:52.942+0000] {processor.py:914} INFO - Processing file /opt/airflow/dags/welcome_dag.py for tasks to queue
[2024-09-10T19:48:52.957+0000] {logging_mixin.py:190} INFO - [2024-09-10T19:48:52.956+0000] {dagbag.py:587} INFO - Filling up the DagBag from /opt/airflow/dags/welcome_dag.py
[2024-09-10T19:48:53.227+0000] {processor.py:925} INFO - DAG(s) 'welcome_dag' retrieved from /opt/airflow/dags/welcome_dag.py
[2024-09-10T19:48:53.379+0000] {logging_mixin.py:190} INFO - [2024-09-10T19:48:53.379+0000] {dag.py:3229} INFO - Sync 1 DAGs
[2024-09-10T19:48:53.533+0000] {logging_mixin.py:190} INFO - [2024-09-10T19:48:53.532+0000] {dag.py:4156} INFO - Setting next_dagrun for welcome_dag to 2024-09-09 23:00:00+00:00, run_after=2024-09-10 23:00:00+00:00
[2024-09-10T19:48:53.755+0000] {processor.py:208} INFO - Processing /opt/airflow/dags/welcome_dag.py took 0.840 seconds
[2024-09-10T19:49:24.617+0000] {processor.py:186} INFO - Started process (PID=111) to work on /opt/airflow/dags/welcome_dag.py
[2024-09-10T19:49:24.619+0000] {processor.py:914} INFO - Processing file /opt/airflow/dags/welcome_dag.py for tasks to queue
[2024-09-10T19:49:24.624+0000] {logging_mixin.py:190} INFO - [2024-09-10T19:49:24.623+0000] {dagbag.py:587} INFO - Filling up the DagBag from /opt/airflow/dags/welcome_dag.py
[2024-09-10T19:49:24.686+0000] {processor.py:925} INFO - DAG(s) 'welcome_dag' retrieved from /opt/airflow/dags/welcome_dag.py
[2024-09-10T19:49:24.751+0000] {logging_mixin.py:190} INFO - [2024-09-10T19:49:24.751+0000] {dag.py:3229} INFO - Sync 1 DAGs
[2024-09-10T19:49:24.824+0000] {logging_mixin.py:190} INFO - [2024-09-10T19:49:24.823+0000] {dag.py:4156} INFO - Setting next_dagrun for welcome_dag to 2024-09-09 23:00:00+00:00, run_after=2024-09-10 23:00:00+00:00
[2024-09-10T19:49:24.902+0000] {processor.py:208} INFO - Processing /opt/airflow/dags/welcome_dag.py took 0.294 seconds
[2024-09-10T19:49:56.888+0000] {processor.py:186} INFO - Started process (PID=112) to work on /opt/airflow/dags/welcome_dag.py
[2024-09-10T19:49:56.891+0000] {processor.py:914} INFO - Processing file /opt/airflow/dags/welcome_dag.py for tasks to queue
[2024-09-10T19:49:56.906+0000] {logging_mixin.py:190} INFO - [2024-09-10T19:49:56.905+0000] {dagbag.py:587} INFO - Filling up the DagBag from /opt/airflow/dags/welcome_dag.py
[2024-09-10T19:49:57.058+0000] {processor.py:925} INFO - DAG(s) 'welcome_dag' retrieved from /opt/airflow/dags/welcome_dag.py
[2024-09-10T19:49:57.253+0000] {logging_mixin.py:190} INFO - [2024-09-10T19:49:57.253+0000] {dag.py:3229} INFO - Sync 1 DAGs
[2024-09-10T19:49:57.428+0000] {logging_mixin.py:190} INFO - [2024-09-10T19:49:57.427+0000] {dag.py:4156} INFO - Setting next_dagrun for welcome_dag to 2024-09-09 23:00:00+00:00, run_after=2024-09-10 23:00:00+00:00
[2024-09-10T19:49:57.642+0000] {processor.py:208} INFO - Processing /opt/airflow/dags/welcome_dag.py took 0.774 seconds
[2024-09-10T19:50:28.428+0000] {processor.py:186} INFO - Started process (PID=113) to work on /opt/airflow/dags/welcome_dag.py
[2024-09-10T19:50:28.430+0000] {processor.py:914} INFO - Processing file /opt/airflow/dags/welcome_dag.py for tasks to queue
[2024-09-10T19:50:28.433+0000] {logging_mixin.py:190} INFO - [2024-09-10T19:50:28.433+0000] {dagbag.py:587} INFO - Filling up the DagBag from /opt/airflow/dags/welcome_dag.py
[2024-09-10T19:50:28.483+0000] {processor.py:925} INFO - DAG(s) 'welcome_dag' retrieved from /opt/airflow/dags/welcome_dag.py
[2024-09-10T19:50:28.539+0000] {logging_mixin.py:190} INFO - [2024-09-10T19:50:28.539+0000] {dag.py:3229} INFO - Sync 1 DAGs
[2024-09-10T19:50:28.589+0000] {logging_mixin.py:190} INFO - [2024-09-10T19:50:28.588+0000] {dag.py:4156} INFO - Setting next_dagrun for welcome_dag to 2024-09-09 23:00:00+00:00, run_after=2024-09-10 23:00:00+00:00
[2024-09-10T19:50:28.683+0000] {processor.py:208} INFO - Processing /opt/airflow/dags/welcome_dag.py took 0.267 seconds
[2024-09-10T19:50:59.094+0000] {processor.py:186} INFO - Started process (PID=114) to work on /opt/airflow/dags/welcome_dag.py
[2024-09-10T19:50:59.097+0000] {processor.py:914} INFO - Processing file /opt/airflow/dags/welcome_dag.py for tasks to queue
[2024-09-10T19:50:59.104+0000] {logging_mixin.py:190} INFO - [2024-09-10T19:50:59.103+0000] {dagbag.py:587} INFO - Filling up the DagBag from /opt/airflow/dags/welcome_dag.py
[2024-09-10T19:50:59.167+0000] {processor.py:925} INFO - DAG(s) 'welcome_dag' retrieved from /opt/airflow/dags/welcome_dag.py
[2024-09-10T19:50:59.227+0000] {logging_mixin.py:190} INFO - [2024-09-10T19:50:59.227+0000] {dag.py:3229} INFO - Sync 1 DAGs
[2024-09-10T19:50:59.296+0000] {logging_mixin.py:190} INFO - [2024-09-10T19:50:59.295+0000] {dag.py:4156} INFO - Setting next_dagrun for welcome_dag to 2024-09-09 23:00:00+00:00, run_after=2024-09-10 23:00:00+00:00
[2024-09-10T19:50:59.436+0000] {processor.py:208} INFO - Processing /opt/airflow/dags/welcome_dag.py took 0.354 seconds
[2024-09-10T19:51:30.008+0000] {processor.py:186} INFO - Started process (PID=115) to work on /opt/airflow/dags/welcome_dag.py
[2024-09-10T19:51:30.010+0000] {processor.py:914} INFO - Processing file /opt/airflow/dags/welcome_dag.py for tasks to queue
[2024-09-10T19:51:30.014+0000] {logging_mixin.py:190} INFO - [2024-09-10T19:51:30.013+0000] {dagbag.py:587} INFO - Filling up the DagBag from /opt/airflow/dags/welcome_dag.py
[2024-09-10T19:51:30.061+0000] {processor.py:925} INFO - DAG(s) 'welcome_dag' retrieved from /opt/airflow/dags/welcome_dag.py
[2024-09-10T19:51:30.124+0000] {logging_mixin.py:190} INFO - [2024-09-10T19:51:30.123+0000] {dag.py:3229} INFO - Sync 1 DAGs
[2024-09-10T19:51:30.205+0000] {logging_mixin.py:190} INFO - [2024-09-10T19:51:30.204+0000] {dag.py:4156} INFO - Setting next_dagrun for welcome_dag to 2024-09-09 23:00:00+00:00, run_after=2024-09-10 23:00:00+00:00
[2024-09-10T19:51:30.303+0000] {processor.py:208} INFO - Processing /opt/airflow/dags/welcome_dag.py took 0.303 seconds
[2024-09-10T19:52:01.015+0000] {processor.py:186} INFO - Started process (PID=116) to work on /opt/airflow/dags/welcome_dag.py
[2024-09-10T19:52:01.018+0000] {processor.py:914} INFO - Processing file /opt/airflow/dags/welcome_dag.py for tasks to queue
[2024-09-10T19:52:01.022+0000] {logging_mixin.py:190} INFO - [2024-09-10T19:52:01.021+0000] {dagbag.py:587} INFO - Filling up the DagBag from /opt/airflow/dags/welcome_dag.py
[2024-09-10T19:52:01.074+0000] {processor.py:925} INFO - DAG(s) 'welcome_dag' retrieved from /opt/airflow/dags/welcome_dag.py
[2024-09-10T19:52:01.154+0000] {logging_mixin.py:190} INFO - [2024-09-10T19:52:01.154+0000] {dag.py:3229} INFO - Sync 1 DAGs
[2024-09-10T19:52:01.241+0000] {logging_mixin.py:190} INFO - [2024-09-10T19:52:01.240+0000] {dag.py:4156} INFO - Setting next_dagrun for welcome_dag to 2024-09-09 23:00:00+00:00, run_after=2024-09-10 23:00:00+00:00
[2024-09-10T19:52:01.333+0000] {processor.py:208} INFO - Processing /opt/airflow/dags/welcome_dag.py took 0.332 seconds
[2024-09-10T19:52:31.525+0000] {processor.py:186} INFO - Started process (PID=117) to work on /opt/airflow/dags/welcome_dag.py
[2024-09-10T19:52:31.528+0000] {processor.py:914} INFO - Processing file /opt/airflow/dags/welcome_dag.py for tasks to queue
[2024-09-10T19:52:31.534+0000] {logging_mixin.py:190} INFO - [2024-09-10T19:52:31.533+0000] {dagbag.py:587} INFO - Filling up the DagBag from /opt/airflow/dags/welcome_dag.py
[2024-09-10T19:52:31.630+0000] {processor.py:925} INFO - DAG(s) 'welcome_dag' retrieved from /opt/airflow/dags/welcome_dag.py
[2024-09-10T19:52:31.739+0000] {logging_mixin.py:190} INFO - [2024-09-10T19:52:31.738+0000] {dag.py:3229} INFO - Sync 1 DAGs
[2024-09-10T19:52:31.850+0000] {logging_mixin.py:190} INFO - [2024-09-10T19:52:31.849+0000] {dag.py:4156} INFO - Setting next_dagrun for welcome_dag to 2024-09-09 23:00:00+00:00, run_after=2024-09-10 23:00:00+00:00
[2024-09-10T19:52:32.081+0000] {processor.py:208} INFO - Processing /opt/airflow/dags/welcome_dag.py took 0.577 seconds
[2024-09-10T19:53:02.786+0000] {processor.py:186} INFO - Started process (PID=118) to work on /opt/airflow/dags/welcome_dag.py
[2024-09-10T19:53:02.790+0000] {processor.py:914} INFO - Processing file /opt/airflow/dags/welcome_dag.py for tasks to queue
[2024-09-10T19:53:02.796+0000] {logging_mixin.py:190} INFO - [2024-09-10T19:53:02.795+0000] {dagbag.py:587} INFO - Filling up the DagBag from /opt/airflow/dags/welcome_dag.py
[2024-09-10T19:53:02.859+0000] {processor.py:925} INFO - DAG(s) 'welcome_dag' retrieved from /opt/airflow/dags/welcome_dag.py
[2024-09-10T19:53:02.946+0000] {logging_mixin.py:190} INFO - [2024-09-10T19:53:02.946+0000] {dag.py:3229} INFO - Sync 1 DAGs
[2024-09-10T19:53:03.031+0000] {logging_mixin.py:190} INFO - [2024-09-10T19:53:03.031+0000] {dag.py:4156} INFO - Setting next_dagrun for welcome_dag to 2024-09-09 23:00:00+00:00, run_after=2024-09-10 23:00:00+00:00
[2024-09-10T19:53:03.144+0000] {processor.py:208} INFO - Processing /opt/airflow/dags/welcome_dag.py took 0.367 seconds
[2024-09-10T19:53:33.662+0000] {processor.py:186} INFO - Started process (PID=119) to work on /opt/airflow/dags/welcome_dag.py
[2024-09-10T19:53:33.664+0000] {processor.py:914} INFO - Processing file /opt/airflow/dags/welcome_dag.py for tasks to queue
[2024-09-10T19:53:33.667+0000] {logging_mixin.py:190} INFO - [2024-09-10T19:53:33.667+0000] {dagbag.py:587} INFO - Filling up the DagBag from /opt/airflow/dags/welcome_dag.py
[2024-09-10T19:53:33.717+0000] {processor.py:925} INFO - DAG(s) 'welcome_dag' retrieved from /opt/airflow/dags/welcome_dag.py
[2024-09-10T19:53:33.769+0000] {logging_mixin.py:190} INFO - [2024-09-10T19:53:33.769+0000] {dag.py:3229} INFO - Sync 1 DAGs
[2024-09-10T19:53:33.820+0000] {logging_mixin.py:190} INFO - [2024-09-10T19:53:33.819+0000] {dag.py:4156} INFO - Setting next_dagrun for welcome_dag to 2024-09-09 23:00:00+00:00, run_after=2024-09-10 23:00:00+00:00
[2024-09-10T19:53:33.933+0000] {processor.py:208} INFO - Processing /opt/airflow/dags/welcome_dag.py took 0.281 seconds
[2024-09-10T19:54:04.514+0000] {processor.py:186} INFO - Started process (PID=120) to work on /opt/airflow/dags/welcome_dag.py
[2024-09-10T19:54:04.516+0000] {processor.py:914} INFO - Processing file /opt/airflow/dags/welcome_dag.py for tasks to queue
[2024-09-10T19:54:04.520+0000] {logging_mixin.py:190} INFO - [2024-09-10T19:54:04.519+0000] {dagbag.py:587} INFO - Filling up the DagBag from /opt/airflow/dags/welcome_dag.py
[2024-09-10T19:54:04.590+0000] {processor.py:925} INFO - DAG(s) 'welcome_dag' retrieved from /opt/airflow/dags/welcome_dag.py
[2024-09-10T19:54:04.656+0000] {logging_mixin.py:190} INFO - [2024-09-10T19:54:04.656+0000] {dag.py:3229} INFO - Sync 1 DAGs
[2024-09-10T19:54:04.718+0000] {logging_mixin.py:190} INFO - [2024-09-10T19:54:04.718+0000] {dag.py:4156} INFO - Setting next_dagrun for welcome_dag to 2024-09-09 23:00:00+00:00, run_after=2024-09-10 23:00:00+00:00
[2024-09-10T19:54:04.845+0000] {processor.py:208} INFO - Processing /opt/airflow/dags/welcome_dag.py took 0.340 seconds
[2024-09-10T19:54:35.019+0000] {processor.py:186} INFO - Started process (PID=121) to work on /opt/airflow/dags/welcome_dag.py
[2024-09-10T19:54:35.021+0000] {processor.py:914} INFO - Processing file /opt/airflow/dags/welcome_dag.py for tasks to queue
[2024-09-10T19:54:35.024+0000] {logging_mixin.py:190} INFO - [2024-09-10T19:54:35.023+0000] {dagbag.py:587} INFO - Filling up the DagBag from /opt/airflow/dags/welcome_dag.py
[2024-09-10T19:54:35.089+0000] {processor.py:925} INFO - DAG(s) 'welcome_dag' retrieved from /opt/airflow/dags/welcome_dag.py
[2024-09-10T19:54:35.168+0000] {logging_mixin.py:190} INFO - [2024-09-10T19:54:35.167+0000] {dag.py:3229} INFO - Sync 1 DAGs
[2024-09-10T19:54:35.236+0000] {logging_mixin.py:190} INFO - [2024-09-10T19:54:35.236+0000] {dag.py:4156} INFO - Setting next_dagrun for welcome_dag to 2024-09-09 23:00:00+00:00, run_after=2024-09-10 23:00:00+00:00
[2024-09-10T19:54:35.353+0000] {processor.py:208} INFO - Processing /opt/airflow/dags/welcome_dag.py took 0.343 seconds
[2024-09-10T19:55:06.484+0000] {processor.py:186} INFO - Started process (PID=122) to work on /opt/airflow/dags/welcome_dag.py
[2024-09-10T19:55:06.486+0000] {processor.py:914} INFO - Processing file /opt/airflow/dags/welcome_dag.py for tasks to queue
[2024-09-10T19:55:06.501+0000] {logging_mixin.py:190} INFO - [2024-09-10T19:55:06.500+0000] {dagbag.py:587} INFO - Filling up the DagBag from /opt/airflow/dags/welcome_dag.py
[2024-09-10T19:55:06.554+0000] {processor.py:925} INFO - DAG(s) 'welcome_dag' retrieved from /opt/airflow/dags/welcome_dag.py
[2024-09-10T19:55:06.619+0000] {logging_mixin.py:190} INFO - [2024-09-10T19:55:06.618+0000] {dag.py:3229} INFO - Sync 1 DAGs
[2024-09-10T19:55:06.693+0000] {logging_mixin.py:190} INFO - [2024-09-10T19:55:06.692+0000] {dag.py:4156} INFO - Setting next_dagrun for welcome_dag to 2024-09-09 23:00:00+00:00, run_after=2024-09-10 23:00:00+00:00
[2024-09-10T19:55:06.818+0000] {processor.py:208} INFO - Processing /opt/airflow/dags/welcome_dag.py took 0.346 seconds
[2024-09-10T19:55:37.102+0000] {processor.py:186} INFO - Started process (PID=123) to work on /opt/airflow/dags/welcome_dag.py
[2024-09-10T19:55:37.105+0000] {processor.py:914} INFO - Processing file /opt/airflow/dags/welcome_dag.py for tasks to queue
[2024-09-10T19:55:37.110+0000] {logging_mixin.py:190} INFO - [2024-09-10T19:55:37.110+0000] {dagbag.py:587} INFO - Filling up the DagBag from /opt/airflow/dags/welcome_dag.py
[2024-09-10T19:55:37.168+0000] {processor.py:925} INFO - DAG(s) 'welcome_dag' retrieved from /opt/airflow/dags/welcome_dag.py
[2024-09-10T19:55:37.213+0000] {logging_mixin.py:190} INFO - [2024-09-10T19:55:37.213+0000] {dag.py:3229} INFO - Sync 1 DAGs
[2024-09-10T19:55:37.263+0000] {logging_mixin.py:190} INFO - [2024-09-10T19:55:37.263+0000] {dag.py:4156} INFO - Setting next_dagrun for welcome_dag to 2024-09-09 23:00:00+00:00, run_after=2024-09-10 23:00:00+00:00
[2024-09-10T19:55:37.383+0000] {processor.py:208} INFO - Processing /opt/airflow/dags/welcome_dag.py took 0.297 seconds
[2024-09-10T19:56:10.080+0000] {processor.py:186} INFO - Started process (PID=124) to work on /opt/airflow/dags/welcome_dag.py
[2024-09-10T19:56:10.082+0000] {processor.py:914} INFO - Processing file /opt/airflow/dags/welcome_dag.py for tasks to queue
[2024-09-10T19:56:10.089+0000] {logging_mixin.py:190} INFO - [2024-09-10T19:56:10.088+0000] {dagbag.py:587} INFO - Filling up the DagBag from /opt/airflow/dags/welcome_dag.py
[2024-09-10T19:56:10.311+0000] {processor.py:925} INFO - DAG(s) 'welcome_dag' retrieved from /opt/airflow/dags/welcome_dag.py
[2024-09-10T19:56:10.432+0000] {logging_mixin.py:190} INFO - [2024-09-10T19:56:10.431+0000] {dag.py:3229} INFO - Sync 1 DAGs
[2024-09-10T19:56:10.560+0000] {logging_mixin.py:190} INFO - [2024-09-10T19:56:10.560+0000] {dag.py:4156} INFO - Setting next_dagrun for welcome_dag to 2024-09-09 23:00:00+00:00, run_after=2024-09-10 23:00:00+00:00
[2024-09-10T19:56:10.704+0000] {processor.py:208} INFO - Processing /opt/airflow/dags/welcome_dag.py took 0.643 seconds
[2024-09-10T22:56:23.737+0000] {processor.py:186} INFO - Started process (PID=125) to work on /opt/airflow/dags/welcome_dag.py
[2024-09-10T22:56:23.749+0000] {processor.py:914} INFO - Processing file /opt/airflow/dags/welcome_dag.py for tasks to queue
[2024-09-10T22:56:23.754+0000] {logging_mixin.py:190} INFO - [2024-09-10T22:56:23.754+0000] {dagbag.py:587} INFO - Filling up the DagBag from /opt/airflow/dags/welcome_dag.py
[2024-09-10T22:56:23.837+0000] {processor.py:925} INFO - DAG(s) 'welcome_dag' retrieved from /opt/airflow/dags/welcome_dag.py
[2024-09-10T22:56:24.024+0000] {logging_mixin.py:190} INFO - [2024-09-10T22:56:24.023+0000] {dag.py:3229} INFO - Sync 1 DAGs
[2024-09-10T22:56:24.132+0000] {logging_mixin.py:190} INFO - [2024-09-10T22:56:24.132+0000] {dag.py:4156} INFO - Setting next_dagrun for welcome_dag to 2024-09-09 23:00:00+00:00, run_after=2024-09-10 23:00:00+00:00
[2024-09-10T22:56:24.278+0000] {processor.py:208} INFO - Processing /opt/airflow/dags/welcome_dag.py took 0.557 seconds
